Error: bind EADDRINUSE null:3000
    at listenOnMasterHandle (net.js:1384:18)
    at shared (internal/cluster/child.js:126:3)
    at Worker.<anonymous> (internal/cluster/child.js:97:7)
    at process.onInternalMessage (internal/cluster/utils.js:47:8)
    at process.emit (events.js:326:22)
    at emit (internal/child_process.js:902:12)
    at processTicksAndRejections (internal/process/task_queues.js:81:21)
Error: bind EADDRINUSE null:3000
    at listenOnMasterHandle (net.js:1384:18)
    at shared (internal/cluster/child.js:126:3)
    at Worker.<anonymous> (internal/cluster/child.js:97:7)
    at process.onInternalMessage (internal/cluster/utils.js:47:8)
    at process.emit (events.js:326:22)
    at emit (internal/child_process.js:902:12)
    at processTicksAndRejections (internal/process/task_queues.js:81:21)
Error: bind EADDRINUSE null:3000
    at listenOnMasterHandle (net.js:1384:18)
    at shared (internal/cluster/child.js:126:3)
    at Worker.<anonymous> (internal/cluster/child.js:97:7)
    at process.onInternalMessage (internal/cluster/utils.js:47:8)
    at process.emit (events.js:326:22)
    at emit (internal/child_process.js:902:12)
    at processTicksAndRejections (internal/process/task_queues.js:81:21)
